<?xml version="1.0" encoding="UTF-8"?>
<testsuite name="code.CalculatorTest" tests="4" skipped="0" failures="0" errors="0" timestamp="2023-03-09T15:31:46" hostname="MacBook-Air-Ignacy.local" time="0.179">
  <properties/>
  <testcase name="jabadabadu" classname="code.CalculatorTest" time="0.05"/>
  <testcase name="[1] [1, 3, 2]" classname="code.CalculatorTest" time="0.052"/>
  <testcase name="[2] [3, 5, 2]" classname="code.CalculatorTest" time="0.002"/>
  <testcase name="[3] [5, 7, 2]" classname="code.CalculatorTest" time="0.001"/>
  <system-out><![CDATA[BEFORE ALL!!
16:31:46.091 [Test worker] 462  INFO  code.Calculator - info message
16:31:46.097 [Test worker] 468  WARN  code.Calculator - warn message
16:31:46.097 [Test worker] 468  ERROR code.Calculator - error message
BEFORE ALL!!
]]></system-out>
  <system-err><![CDATA[]]></system-err>
</testsuite>
